#
# A fatal error has been detected by the Java Runtime Environment:
#
#  EXCEPTION_ACCESS_VIOLATION (0xc0000005) at pc=0x000000006d00c0ab, pid=17760, tid=0x0000000000001b20
#
# JRE version: Java(TM) SE Runtime Environment (8.0_191-b12) (build 1.8.0_191-b12)
# Java VM: Java HotSpot(TM) 64-Bit Server VM (25.191-b12 mixed mode windows-amd64 compressed oops)
# Problematic frame:
# C  [msvcr100.dll+0x3c0ab]
#
# Failed to write core dump. Minidumps are not enabled by default on client versions of Windows
#
# If you would like to submit a bug report, please visit:
#   http://bugreport.java.com/bugreport/crash.jsp
#

---------------  T H R E A D  ---------------

Current thread (0x0000000002f43000):  GCTaskThread [stack: 0x0000000013430000,0x0000000013530000] [id=6944]

siginfo: ExceptionCode=0xc0000005, reading address 0x000000077cc00000

Registers:
RAX=0x0000000000000008, RBX=0x000000076d1041d8, RCX=0x00000006d6a38278, RDX=0x00000000a61c7d60
RSP=0x000000001352f368, RBP=0x000000000382811a, RSI=0x000000001de90440, RDI=0x00000006c6f3c478
R8 =0x000000000c6458d0, R9 =0x0000000000000000, R10=0x0000000000000000, R11=0x00000006c6f3c478
R12=0x00000000124edf55, R13=0x0000000000000001, R14=0x0000000000000001, R15=0x0000000002f3c130
RIP=0x000000006d00c0ab, EFLAGS=0x0000000000010202

Top of Stack: (sp=0x000000001352f368)
0x000000001352f368:   000000006dde6463 000000000382811a
0x000000001352f378:   000000000382811a 000000001de90440
0x000000001352f388:   0000000000000001 0000000000000000
0x000000001352f398:   000000006e1c33d6 000000076d1041d8
0x000000001352f3a8:   000000000382811a 000000001de90440
0x000000001352f3b8:   00000007772f08b0 000000077ba80088
0x000000001352f3c8:   000000006e1c3a4b 000000001de90440
0x000000001352f3d8:   000000006e051971 0000000000000000
0x000000001352f3e8:   000000001de90400 00000000124edf55
0x000000001352f3f8:   000000006e1c3670 000000077ba84f8c
0x000000001352f408:   00000000124edf81 000000001de90440
0x000000001352f418:   00000006c39eb848 000000077ba84f8c
0x000000001352f428:   000000006e1c4215 0000000776f04030
0x000000001352f438:   00000000124ebf81 000000001de90440
0x000000001352f448:   0000000000200002 000000001de90440
0x000000001352f458:   000000006dead32a 00000006c39eb75c 

Instructions: (pc=0x000000006d00c0ab)
0x000000006d00c08b:   c3 09 4c 0f c3 51 08 4c 8b 4c 0a 10 4c 8b 54 0a
0x000000006d00c09b:   18 4c 0f c3 49 10 4c 0f c3 51 18 4c 8b 4c 0a 20
0x000000006d00c0ab:   4c 8b 54 0a 28 48 83 c1 40 4c 0f c3 49 e0 4c 0f
0x000000006d00c0bb:   c3 51 e8 4c 8b 4c 0a f0 4c 8b 54 0a f8 ff c8 4c 


Register to memory mapping:

RAX=0x0000000000000008 is an unknown value
RBX=0x000000076d1041d8 is an oop

[error occurred during error reporting (printing register info), id 0xc0000005]

Stack: [0x0000000013430000,0x0000000013530000],  sp=0x000000001352f368,  free space=1020k
Native frames: (J=compiled Java code, j=interpreted, Vv=VM code, C=native code)
C  [msvcr100.dll+0x3c0ab]
V  [jvm.dll+0x26463]
V  [jvm.dll+0x4033d6]
V  [jvm.dll+0x403670]
V  [jvm.dll+0x404215]
V  [jvm.dll+0x3f3cff]
V  [jvm.dll+0x406202]
V  [jvm.dll+0x3f54ce]
V  [jvm.dll+0x29eb9a]
C  [msvcr100.dll+0x21d9f]
C  [msvcr100.dll+0x21e3b]
C  [KERNEL32.DLL+0x13034]
C  [ntdll.dll+0x73691]


---------------  P R O C E S S  ---------------

Java Threads: ( => current thread )
  0x0000000023859800 JavaThread "elasticsearch[_client_][transport_client_boss][T#15]" daemon [_thread_blocked, id=15812, stack(0x000000003ae10000,0x000000003af10000)]
  0x000000002385c800 JavaThread "elasticsearch[_client_][management][T#2]" daemon [_thread_blocked, id=13192, stack(0x000000003ad10000,0x000000003ae10000)]
  0x0000000023859000 JavaThread "elasticsearch[_client_][generic][T#3]" daemon [_thread_blocked, id=12740, stack(0x000000003ac10000,0x000000003ad10000)]
  0x0000000023856800 JavaThread "elasticsearch[_client_][generic][T#2]" daemon [_thread_blocked, id=13940, stack(0x000000002fa60000,0x000000002fb60000)]
  0x0000000023858000 JavaThread "DestroyJavaVM" [_thread_blocked, id=9668, stack(0x0000000002e20000,0x0000000002f20000)]
  0x0000000021b6f000 JavaThread "http-nio-8888-AsyncTimeout" daemon [_thread_blocked, id=9884, stack(0x000000002f860000,0x000000002f960000)]
  0x0000000021b6f800 JavaThread "http-nio-8888-Acceptor-0" daemon [_thread_in_native, id=16140, stack(0x000000002f760000,0x000000002f860000)]
  0x0000000021b6c000 JavaThread "http-nio-8888-ClientPoller-1" daemon [_thread_blocked, id=13000, stack(0x000000002f660000,0x000000002f760000)]
  0x0000000021b6e000 JavaThread "http-nio-8888-ClientPoller-0" daemon [_thread_blocked, id=32, stack(0x000000002f560000,0x000000002f660000)]
  0x0000000021b6b000 JavaThread "http-nio-8888-exec-10" daemon [_thread_blocked, id=1488, stack(0x000000002f460000,0x000000002f560000)]
  0x0000000021b6d800 JavaThread "http-nio-8888-exec-9" daemon [_thread_blocked, id=8764, stack(0x000000002f360000,0x000000002f460000)]
  0x0000000021b6c800 JavaThread "http-nio-8888-exec-8" daemon [_thread_blocked, id=13736, stack(0x000000002f260000,0x000000002f360000)]
  0x0000000021b69800 JavaThread "http-nio-8888-exec-7" daemon [_thread_blocked, id=6036, stack(0x000000002f160000,0x000000002f260000)]
  0x0000000021b6a800 JavaThread "http-nio-8888-exec-6" daemon [_thread_blocked, id=4904, stack(0x000000002f060000,0x000000002f160000)]
  0x0000000021b60800 JavaThread "http-nio-8888-exec-5" daemon [_thread_blocked, id=19404, stack(0x000000002ef60000,0x000000002f060000)]
  0x0000000021b67800 JavaThread "http-nio-8888-exec-4" daemon [_thread_blocked, id=12500, stack(0x000000002ee60000,0x000000002ef60000)]
  0x0000000021b63800 JavaThread "http-nio-8888-exec-3" daemon [_thread_blocked, id=18480, stack(0x000000002ed60000,0x000000002ee60000)]
  0x0000000021b65000 JavaThread "http-nio-8888-exec-2" daemon [_thread_blocked, id=15728, stack(0x000000002ec60000,0x000000002ed60000)]
  0x0000000021b62000 JavaThread "http-nio-8888-exec-1" daemon [_thread_blocked, id=2676, stack(0x000000002eb60000,0x000000002ec60000)]
  0x0000000021b61800 JavaThread "NioBlockingSelector.BlockPoller-1" daemon [_thread_blocked, id=11664, stack(0x000000002ea60000,0x000000002eb60000)]
  0x00000000292b9800 JavaThread "elasticsearch[_client_][transport_client_boss][T#14]" daemon [_thread_in_native, id=252, stack(0x000000002c340000,0x000000002c440000)]
  0x00000000292b9000 JavaThread "elasticsearch[_client_][transport_client_boss][T#13]" daemon [_thread_in_native, id=17916, stack(0x000000002c240000,0x000000002c340000)]
  0x00000000292b8000 JavaThread "elasticsearch[_client_][transport_client_boss][T#12]" daemon [_thread_in_native, id=14796, stack(0x000000002c140000,0x000000002c240000)]
  0x00000000292b7800 JavaThread "elasticsearch[_client_][transport_client_boss][T#11]" daemon [_thread_in_native, id=17920, stack(0x000000002c040000,0x000000002c140000)]
  0x0000000027484000 JavaThread "elasticsearch[_client_][transport_client_boss][T#10]" daemon [_thread_in_native, id=10524, stack(0x000000002bf40000,0x000000002c040000)]
  0x0000000027483800 JavaThread "elasticsearch[_client_][transport_client_boss][T#9]" daemon [_thread_in_native, id=15744, stack(0x000000002be40000,0x000000002bf40000)]
  0x0000000027482800 JavaThread "elasticsearch[_client_][transport_client_boss][T#8]" daemon [_thread_in_native, id=14236, stack(0x000000002bd40000,0x000000002be40000)]
  0x0000000027482000 JavaThread "elasticsearch[_client_][transport_client_boss][T#7]" daemon [_thread_in_native, id=4960, stack(0x000000002bc40000,0x000000002bd40000)]
  0x000000002747a800 JavaThread "elasticsearch[_client_][transport_client_boss][T#6]" daemon [_thread_blocked, id=9648, stack(0x000000002bb40000,0x000000002bc40000)]
  0x0000000027481000 JavaThread "elasticsearch[_client_][transport_client_boss][T#5]" daemon [_thread_in_native, id=6504, stack(0x000000002ba40000,0x000000002bb40000)]
  0x0000000027480800 JavaThread "elasticsearch[_client_][transport_client_boss][T#4]" daemon [_thread_in_native, id=8208, stack(0x000000002b940000,0x000000002ba40000)]
  0x0000000027479000 JavaThread "elasticsearch[_client_][transport_client_boss][T#3]" daemon [_thread_in_native, id=10824, stack(0x000000002b840000,0x000000002b940000)]
  0x000000002747f800 JavaThread "elasticsearch[_client_][transport_client_boss][T#2]" daemon [_thread_in_native, id=12720, stack(0x000000002b740000,0x000000002b840000)]
  0x000000002747e000 JavaThread "elasticsearch[_client_][generic][T#1]" daemon [_thread_blocked, id=4592, stack(0x000000002b640000,0x000000002b740000)]
  0x0000000027476000 JavaThread "elasticsearch[_client_][transport_client_boss][T#1]" daemon [_thread_in_native, id=8472, stack(0x000000002a330000,0x000000002a430000)]
  0x0000000027478000 JavaThread "elasticsearch[_client_][management][T#1]" daemon [_thread_blocked, id=4104, stack(0x000000002a230000,0x000000002a330000)]
  0x0000000027476800 JavaThread "elasticsearch[_client_][scheduler][T#1]" daemon [_thread_blocked, id=14260, stack(0x0000000029f30000,0x000000002a030000)]
  0x00000000219cd800 JavaThread "elasticsearch[_client_][[timer]]" daemon [_thread_blocked, id=11632, stack(0x0000000028460000,0x0000000028560000)]
  0x00000000219cb800 JavaThread "container-0" [_thread_blocked, id=13932, stack(0x0000000027f60000,0x0000000028060000)]
  0x00000000219ca800 JavaThread "ContainerBackgroundProcessor[StandardEngine[Tomcat]]" daemon [_thread_blocked, id=15192, stack(0x0000000027e60000,0x0000000027f60000)]
  0x00000000219cf000 JavaThread "localhost-startStop-1" daemon [_thread_blocked, id=17628, stack(0x0000000026d90000,0x0000000026e90000)]
  0x00000000219c3000 JavaThread "Tomcat-startStop-1" daemon [_thread_blocked, id=8424, stack(0x0000000026c90000,0x0000000026d90000)]
  0x00000000219c7800 JavaThread "RMI TCP Accept-0" daemon [_thread_in_native, id=19340, stack(0x00000000244c0000,0x00000000245c0000)]
  0x00000000219c8800 JavaThread "RMI TCP Accept-52643" daemon [_thread_in_native, id=12584, stack(0x00000000243c0000,0x00000000244c0000)]
  0x00000000219c2800 JavaThread "RMI TCP Accept-0" daemon [_thread_in_native, id=13468, stack(0x00000000242c0000,0x00000000243c0000)]
  0x00000000219c6000 JavaThread "Service Thread" daemon [_thread_blocked, id=11492, stack(0x0000000022ff0000,0x00000000230f0000)]
  0x00000000219dd800 JavaThread "C1 CompilerThread3" daemon [_thread_blocked, id=568, stack(0x0000000022ef0000,0x0000000022ff0000)]
  0x00000000219dc800 JavaThread "C2 CompilerThread2" daemon [_thread_blocked, id=7720, stack(0x0000000022df0000,0x0000000022ef0000)]
  0x00000000219d3000 JavaThread "C2 CompilerThread1" daemon [_thread_blocked, id=17020, stack(0x0000000022cf0000,0x0000000022df0000)]
  0x00000000219b3800 JavaThread "C2 CompilerThread0" daemon [_thread_blocked, id=9224, stack(0x0000000022bf0000,0x0000000022cf0000)]
  0x00000000219c4800 JavaThread "rebel-change-detector-thread" daemon [_thread_blocked, id=14024, stack(0x0000000022af0000,0x0000000022bf0000)]
  0x00000000219c7000 JavaThread "rebel-debugger-thread" daemon [_thread_blocked, id=3668, stack(0x00000000229f0000,0x0000000022af0000)]
  0x00000000219c4000 JavaThread "rebel-debugger-attach-notifier" daemon [_thread_blocked, id=16884, stack(0x00000000228f0000,0x00000000229f0000)]
  0x00000000219c1000 JavaThread "rebel-heartbeat-thread" daemon [_thread_blocked, id=19416, stack(0x00000000227f0000,0x00000000228f0000)]
  0x000000001f8ba000 JavaThread "rebel-redeploy-thread" daemon [_thread_blocked, id=15748, stack(0x00000000226f0000,0x00000000227f0000)]
  0x000000001f8b8800 JavaThread "rebel-weak-reaper" daemon [_thread_blocked, id=6488, stack(0x00000000225f0000,0x00000000226f0000)]
  0x000000001f8bb000 JavaThread "rebel-leaseManager-1" daemon [_thread_blocked, id=10068, stack(0x00000000222f0000,0x00000000223f0000)]
  0x000000001f8bb800 JavaThread "rebel-IDENotificationsImpl-PostCycle" daemon [_thread_blocked, id=13800, stack(0x00000000221f0000,0x00000000222f0000)]
  0x000000001f8b8000 JavaThread "rebel-messaging-executor-32" daemon [_thread_blocked, id=9116, stack(0x00000000220f0000,0x00000000221f0000)]
  0x000000001f8b5800 JavaThread "rebel-cache-writer" daemon [_thread_blocked, id=12244, stack(0x0000000021ff0000,0x00000000220f0000)]
  0x000000001f8b6800 JavaThread "rebel-fsnotify-OutputReader" daemon [_thread_blocked, id=18668, stack(0x0000000021ef0000,0x0000000021ff0000)]
  0x000000001f8b5000 JavaThread "rebel-fsnotify-OutputReader" daemon [_thread_blocked, id=15580, stack(0x0000000021df0000,0x0000000021ef0000)]
  0x000000001f8b9800 JavaThread "rebel-fsnotify-ShutdownOnTermination" daemon [_thread_in_native, id=16820, stack(0x0000000021cf0000,0x0000000021df0000)]
  0x000000001f7a1800 JavaThread "rebel-CacheKeepAlive" daemon [_thread_blocked, id=5276, stack(0x0000000020120000,0x0000000020220000)]
  0x000000001f666000 JavaThread "rebel-logger" daemon [_thread_blocked, id=1700, stack(0x000000001fc20000,0x000000001fd20000)]
  0x000000001cb3c800 JavaThread "JDWP Command Reader" daemon [_thread_blocked, id=16300, stack(0x000000001f320000,0x000000001f420000)]
  0x000000001df58000 JavaThread "JDWP Event Helper Thread" daemon [_thread_blocked, id=4408, stack(0x000000001f220000,0x000000001f320000)]
  0x000000001df4b800 JavaThread "JDWP Transport Listener: dt_socket" daemon [_thread_blocked, id=11072, stack(0x000000001f120000,0x000000001f220000)]
  0x000000001df42000 JavaThread "Attach Listener" daemon [_thread_blocked, id=15508, stack(0x000000001f020000,0x000000001f120000)]
  0x000000001df40800 JavaThread "Signal Dispatcher" daemon [_thread_blocked, id=19436, stack(0x000000001ef20000,0x000000001f020000)]
  0x000000001cb2b800 JavaThread "Finalizer" daemon [_thread_blocked, id=9652, stack(0x000000001ee20000,0x000000001ef20000)]
  0x000000001cb2a800 JavaThread "Reference Handler" daemon [_thread_blocked, id=3944, stack(0x000000001ed20000,0x000000001ee20000)]

Other Threads:
  0x000000000301c000 VMThread [stack: 0x000000001ec20000,0x000000001ed20000] [id=10856]
  0x0000000023226000 WatcherThread [stack: 0x00000000245c0000,0x00000000246c0000] [id=4936]

=>0x0000000002f43000 (exited) GCTaskThread [stack: 0x0000000013430000,0x0000000013530000] [id=6944]

VM state:at safepoint (normal execution)

VM Mutex/Monitor currently owned by a thread:  ([mutex/lock_event])
[0x0000000002f25fb0] Threads_lock - owner thread: 0x000000000301c000
[0x0000000002f267b0] Heap_lock - owner thread: 0x000000002747a800

Heap:
 PSYoungGen      total 197120K, used 197037K [0x000000076b500000, 0x000000077cc00000, 0x00000007c0000000)
  eden space 169984K, 99% used [0x000000076b500000,0x0000000775af1b60,0x0000000775b00000)
  from space 27136K, 99% used [0x0000000775b00000,0x0000000777579ab0,0x0000000777580000)
  to   space 43520K, 69% used [0x000000077a180000,0x000000077beda098,0x000000077cc00000)
 ParOldGen       total 765440K, used 543219K [0x00000006c1e00000, 0x00000006f0980000, 0x000000076b500000)
  object space 765440K, 70% used [0x00000006c1e00000,0x00000006e307cd48,0x00000006f0980000)
 Metaspace       used 76210K, capacity 79098K, committed 79448K, reserved 1118208K
  class space    used 9528K, capacity 10203K, committed 10328K, reserved 1048576K

Card table byte_map: [0x00000000124e0000,0x0000000012ce0000] byte_map_base: 0x000000000eed1000

Marking Bits: (ParMarkBitMap*) 0x000000006e5e3e30
 Begin Bits: [0x0000000013a30000, 0x00000000179b8000)
 End Bits:   [0x00000000179b8000, 0x000000001b940000)

Polling page: 0x0000000000cd0000

CodeCache: size=245760Kb used=14439Kb max_used=14439Kb free=231320Kb
 bounds [0x0000000003120000, 0x0000000003f40000, 0x0000000012120000]
 total_blobs=8442 nmethods=7788 adapters=574
 compilation: enabled

Compilation events (10 events):
Event: 11.732 Thread 0x00000000219dd800 7832       1       java.nio.Buffer::discardMark (6 bytes)
Event: 11.732 Thread 0x00000000219dd800 nmethod 7832 0x0000000003f38450 code [0x0000000003f385a0, 0x0000000003f386b0]
Event: 11.735 Thread 0x00000000219dd800 7833       1       org.elasticsearch.common.io.stream.BytesStreamOutput::_jr$ig$count (8 bytes)
Event: 11.735 Thread 0x00000000219dd800 nmethod 7833 0x0000000003f38710 code [0x0000000003f38860, 0x0000000003f38990]
Event: 11.735 Thread 0x00000000219dd800 7834       1       org.elasticsearch.common.io.stream.BytesStreamOutput::_jr$ig$bytes (8 bytes)
Event: 11.735 Thread 0x00000000219dd800 nmethod 7834 0x0000000003f38a50 code [0x0000000003f38ba0, 0x0000000003f38cd0]
Event: 11.735 Thread 0x00000000219dd800 7835   !   1       sun.nio.ch.SelectorImpl::processDeregisterQueue (131 bytes)
Event: 11.736 Thread 0x00000000219dd800 nmethod 7835 0x0000000003f39110 code [0x0000000003f39300, 0x0000000003f39938]
Event: 11.736 Thread 0x00000000219dd800 7838       1       java.util.concurrent.ThreadLocalRandom::nextSeed (32 bytes)
Event: 11.737 Thread 0x00000000219dd800 nmethod 7838 0x0000000003f39f90 code [0x0000000003f3a0e0, 0x0000000003f3a210]

GC Heap History (10 events):
Event: 4.884 GC heap after
Heap after GC invocations=10 (full 2):
 PSYoungGen      total 170496K, used 12373K [0x000000076b500000, 0x0000000777e80000, 0x00000007c0000000)
  eden space 152064K, 0% used [0x000000076b500000,0x000000076b500000,0x0000000774980000)
  from space 18432K, 67% used [0x0000000775b80000,0x0000000776795498,0x0000000776d80000)
  to   space 18432K, 0% used [0x0000000774980000,0x0000000774980000,0x0000000775b80000)
 ParOldGen       total 209408K, used 23787K [0x00000006c1e00000, 0x00000006cea80000, 0x000000076b500000)
  object space 209408K, 11% used [0x00000006c1e00000,0x00000006c353afb0,0x00000006cea80000)
 Metaspace       used 47881K, capacity 48992K, committed 49240K, reserved 1091584K
  class space    used 5897K, capacity 6222K, committed 6232K, reserved 1048576K
}
Event: 6.133 GC heap before
{Heap before GC invocations=11 (full 2):
 PSYoungGen      total 170496K, used 139497K [0x000000076b500000, 0x0000000777e80000, 0x00000007c0000000)
  eden space 152064K, 83% used [0x000000076b500000,0x0000000773125048,0x0000000774980000)
  from space 18432K, 67% used [0x0000000775b80000,0x0000000776795498,0x0000000776d80000)
  to   space 18432K, 0% used [0x0000000774980000,0x0000000774980000,0x0000000775b80000)
 ParOldGen       total 209408K, used 23787K [0x00000006c1e00000, 0x00000006cea80000, 0x000000076b500000)
  object space 209408K, 11% used [0x00000006c1e00000,0x00000006c353afb0,0x00000006cea80000)
 Metaspace       used 56928K, capacity 58878K, committed 58968K, reserved 1101824K
  class space    used 6973K, capacity 7439K, committed 7512K, reserved 1048576K
Event: 6.141 GC heap after
Heap after GC invocations=11 (full 2):
 PSYoungGen      total 170496K, used 18426K [0x000000076b500000, 0x0000000778a80000, 0x00000007c0000000)
  eden space 152064K, 0% used [0x000000076b500000,0x000000076b500000,0x0000000774980000)
  from space 18432K, 99% used [0x0000000774980000,0x0000000775b7e870,0x0000000775b80000)
  to   space 21504K, 0% used [0x0000000777580000,0x0000000777580000,0x0000000778a80000)
 ParOldGen       total 209408K, used 24469K [0x00000006c1e00000, 0x00000006cea80000, 0x000000076b500000)
  object space 209408K, 11% used [0x00000006c1e00000,0x00000006c35e55f0,0x00000006cea80000)
 Metaspace       used 56928K, capacity 58878K, committed 58968K, reserved 1101824K
  class space    used 6973K, capacity 7439K, committed 7512K, reserved 1048576K
}
Event: 6.141 GC heap before
{Heap before GC invocations=12 (full 3):
 PSYoungGen      total 170496K, used 18426K [0x000000076b500000, 0x0000000778a80000, 0x00000007c0000000)
  eden space 152064K, 0% used [0x000000076b500000,0x000000076b500000,0x0000000774980000)
  from space 18432K, 99% used [0x0000000774980000,0x0000000775b7e870,0x0000000775b80000)
  to   space 21504K, 0% used [0x0000000777580000,0x0000000777580000,0x0000000778a80000)
 ParOldGen       total 209408K, used 24469K [0x00000006c1e00000, 0x00000006cea80000, 0x000000076b500000)
  object space 209408K, 11% used [0x00000006c1e00000,0x00000006c35e55f0,0x00000006cea80000)
 Metaspace       used 56928K, capacity 58878K, committed 58968K, reserved 1101824K
  class space    used 6973K, capacity 7439K, committed 7512K, reserved 1048576K
Event: 6.254 GC heap after
Heap after GC invocations=12 (full 3):
 PSYoungGen      total 170496K, used 0K [0x000000076b500000, 0x0000000778a80000, 0x00000007c0000000)
  eden space 152064K, 0% used [0x000000076b500000,0x000000076b500000,0x0000000774980000)
  from space 18432K, 0% used [0x0000000774980000,0x0000000774980000,0x0000000775b80000)
  to   space 21504K, 0% used [0x0000000777580000,0x0000000777580000,0x0000000778a80000)
 ParOldGen       total 305152K, used 40746K [0x00000006c1e00000, 0x00000006d4800000, 0x000000076b500000)
  object space 305152K, 13% used [0x00000006c1e00000,0x00000006c45ca838,0x00000006d4800000)
 Metaspace       used 56928K, capacity 58878K, committed 58968K, reserved 1101824K
  class space    used 6973K, capacity 7439K, committed 7512K, reserved 1048576K
}
Event: 7.266 GC heap before
{Heap before GC invocations=13 (full 3):
 PSYoungGen      total 170496K, used 141901K [0x000000076b500000, 0x0000000778a80000, 0x00000007c0000000)
  eden space 152064K, 93% used [0x000000076b500000,0x0000000773f936a8,0x0000000774980000)
  from space 18432K, 0% used [0x0000000774980000,0x0000000774980000,0x0000000775b80000)
  to   space 21504K, 0% used [0x0000000777580000,0x0000000777580000,0x0000000778a80000)
 ParOldGen       total 305152K, used 40746K [0x00000006c1e00000, 0x00000006d4800000, 0x000000076b500000)
  object space 305152K, 13% used [0x00000006c1e00000,0x00000006c45ca838,0x00000006d4800000)
 Metaspace       used 68596K, capacity 71400K, committed 71512K, reserved 1112064K
  class space    used 8587K, capacity 9234K, committed 9304K, reserved 1048576K
Event: 7.280 GC heap after
Heap after GC invocations=13 (full 3):
 PSYoungGen      total 191488K, used 21474K [0x000000076b500000, 0x0000000779500000, 0x00000007c0000000)
  eden space 169984K, 0% used [0x000000076b500000,0x000000076b500000,0x0000000775b00000)
  from space 21504K, 99% used [0x0000000777580000,0x0000000778a78a78,0x0000000778a80000)
  to   space 27136K, 0% used [0x0000000775b00000,0x0000000775b00000,0x0000000777580000)
 ParOldGen       total 305152K, used 48615K [0x00000006c1e00000, 0x00000006d4800000, 0x000000076b500000)
  object space 305152K, 15% used [0x00000006c1e00000,0x00000006c4d79c30,0x00000006d4800000)
 Metaspace       used 68596K, capacity 71400K, committed 71512K, reserved 1112064K
  class space    used 8587K, capacity 9234K, committed 9304K, reserved 1048576K
}
Event: 7.900 GC heap before
{Heap before GC invocations=14 (full 3):
 PSYoungGen      total 191488K, used 191458K [0x000000076b500000, 0x0000000779500000, 0x00000007c0000000)
  eden space 169984K, 100% used [0x000000076b500000,0x0000000775b00000,0x0000000775b00000)
  from space 21504K, 99% used [0x0000000777580000,0x0000000778a78a78,0x0000000778a80000)
  to   space 27136K, 0% used [0x0000000775b00000,0x0000000775b00000,0x0000000777580000)
 ParOldGen       total 305152K, used 48615K [0x00000006c1e00000, 0x00000006d4800000, 0x000000076b500000)
  object space 305152K, 15% used [0x00000006c1e00000,0x00000006c4d79c30,0x00000006d4800000)
 Metaspace       used 72271K, capacity 75202K, committed 75480K, reserved 1116160K
  class space    used 8991K, capacity 9655K, committed 9688K, reserved 1048576K
Event: 7.914 GC heap after
Heap after GC invocations=14 (full 3):
 PSYoungGen      total 197120K, used 27110K [0x000000076b500000, 0x000000077cc00000, 0x00000007c0000000)
  eden space 169984K, 0% used [0x000000076b500000,0x000000076b500000,0x0000000775b00000)
  from space 27136K, 99% used [0x0000000775b00000,0x0000000777579ab0,0x0000000777580000)
  to   space 43520K, 0% used [0x000000077a180000,0x000000077a180000,0x000000077cc00000)
 ParOldGen       total 305152K, used 83177K [0x00000006c1e00000, 0x00000006d4800000, 0x000000076b500000)
  object space 305152K, 27% used [0x00000006c1e00000,0x00000006c6f3a478,0x00000006d4800000)
 Metaspace       used 72271K, capacity 75202K, committed 75480K, reserved 1116160K
  class space    used 8991K, capacity 9655K, committed 9688K, reserved 1048576K
}
Event: 11.737 GC heap before
{Heap before GC invocations=15 (full 3):
 PSYoungGen      total 197120K, used 197037K [0x000000076b500000, 0x000000077cc00000, 0x00000007c0000000)
  eden space 169984K, 99% used [0x000000076b500000,0x0000000775af1b60,0x0000000775b00000)
  from space 27136K, 99% used [0x0000000775b00000,0x0000000777579ab0,0x0000000777580000)
  to   space 43520K, 0% used [0x000000077a180000,0x000000077a180000,0x000000077cc00000)
 ParOldGen       total 305152K, used 83177K [0x00000006c1e00000, 0x00000006d4800000, 0x000000076b500000)
  object space 305152K, 27% used [0x00000006c1e00000,0x00000006c6f3a478,0x00000006d4800000)
 Metaspace       used 76210K, capacity 79098K, committed 79448K, reserved 1118208K
  class space    used 9528K, capacity 10203K, committed 10328K, reserved 1048576K

Deoptimization events (0 events):
No events

Classes redefined (7 events):
Event: 1.215 Thread 0x000000000301c000 redefined class name=com.zeroturnaround.jrebelbase.facade.au, count=1
Event: 1.217 Thread 0x000000000301c000 redefined class name=com.zeroturnaround.jrebelbase.facade.ao, count=1
Event: 1.220 Thread 0x000000000301c000 redefined class name=com.zeroturnaround.jrebelbase.facade.a, count=1
Event: 1.223 Thread 0x000000000301c000 redefined class name=com.zeroturnaround.jrebelbase.h, count=1
Event: 1.227 Thread 0x000000000301c000 redefined class name=com.zeroturnaround.jrebelbase.facade.h, count=1
Event: 1.228 Thread 0x000000000301c000 redefined class name=com.zeroturnaround.jrebelbase.facade.g, count=1
Event: 1.231 Thread 0x000000000301c000 redefined class name=com.zeroturnaround.jrebelbase.facade.i, count=1

Internal exceptions (10 events):
Event: 8.705 Thread 0x0000000002f29000 Exception <a 'java/lang/ArrayIndexOutOfBoundsException'> (0x0000000774b299b8) thrown at [C:\re\workspace\8-2-build-windows-amd64-cygwin\jdk8u191\11896\hotspot\src\share\vm\runtime\sharedRuntime.cpp, line 605]
Event: 8.705 Thread 0x0000000002f29000 Exception <a 'java/lang/ArrayIndexOutOfBoundsException'> (0x0000000774b3de58) thrown at [C:\re\workspace\8-2-build-windows-amd64-cygwin\jdk8u191\11896\hotspot\src\share\vm\runtime\sharedRuntime.cpp, line 605]
Event: 8.706 Thread 0x0000000002f29000 Exception <a 'java/lang/ArrayIndexOutOfBoundsException'> (0x0000000774b550d8) thrown at [C:\re\workspace\8-2-build-windows-amd64-cygwin\jdk8u191\11896\hotspot\src\share\vm\runtime\sharedRuntime.cpp, line 605]
Event: 8.706 Thread 0x0000000002f29000 Exception <a 'java/lang/ArrayIndexOutOfBoundsException'> (0x0000000774b6a688) thrown at [C:\re\workspace\8-2-build-windows-amd64-cygwin\jdk8u191\11896\hotspot\src\share\vm\runtime\sharedRuntime.cpp, line 605]
Event: 8.706 Thread 0x0000000002f29000 Exception <a 'java/lang/ArrayIndexOutOfBoundsException'> (0x0000000774b7d280) thrown at [C:\re\workspace\8-2-build-windows-amd64-cygwin\jdk8u191\11896\hotspot\src\share\vm\runtime\sharedRuntime.cpp, line 605]
Event: 8.706 Thread 0x0000000002f29000 Exception <a 'java/lang/ArrayIndexOutOfBoundsException'> (0x0000000774b8e0c8) thrown at [C:\re\workspace\8-2-build-windows-amd64-cygwin\jdk8u191\11896\hotspot\src\share\vm\runtime\sharedRuntime.cpp, line 605]
Event: 8.707 Thread 0x0000000002f29000 Exception <a 'java/lang/ArrayIndexOutOfBoundsException'> (0x0000000774b9e838) thrown at [C:\re\workspace\8-2-build-windows-amd64-cygwin\jdk8u191\11896\hotspot\src\share\vm\runtime\sharedRuntime.cpp, line 605]
Event: 8.707 Thread 0x0000000002f29000 Exception <a 'java/lang/ArrayIndexOutOfBoundsException'> (0x0000000774bb2ce0) thrown at [C:\re\workspace\8-2-build-windows-amd64-cygwin\jdk8u191\11896\hotspot\src\share\vm\runtime\sharedRuntime.cpp, line 605]
Event: 8.707 Thread 0x0000000002f29000 Exception <a 'java/lang/ArrayIndexOutOfBoundsException'> (0x0000000774bc9f60) thrown at [C:\re\workspace\8-2-build-windows-amd64-cygwin\jdk8u191\11896\hotspot\src\share\vm\runtime\sharedRuntime.cpp, line 605]
Event: 8.707 Thread 0x0000000002f29000 Exception <a 'java/lang/ArrayIndexOutOfBoundsException'> (0x0000000774bdf510) thrown at [C:\re\workspace\8-2-build-windows-amd64-cygwin\jdk8u191\11896\hotspot\src\share\vm\runtime\sharedRuntime.cpp, line 605]

Events (10 events):
Event: 11.735 Thread 0x0000000023859800 Thread added: 0x0000000023859800
Event: 11.735 Executing VM operation: RevokeBias
Event: 11.736 Executing VM operation: RevokeBias done
Event: 11.736 Executing VM operation: RevokeBias
Event: 11.736 Executing VM operation: RevokeBias done
Event: 11.736 Executing VM operation: RevokeBias
Event: 11.736 Executing VM operation: RevokeBias done
Event: 11.737 Executing VM operation: RevokeBias
Event: 11.737 Executing VM operation: RevokeBias done
Event: 11.737 Executing VM operation: ParallelGCFailedAllocation


Dynamic libraries:
0x00007ff6ee280000 - 0x00007ff6ee2b7000 	C:\soft\bin\javaw.exe
0x00007ffda6610000 - 0x00007ffda67f1000 	C:\Windows\SYSTEM32\ntdll.dll
0x00007ffda3bf0000 - 0x00007ffda3ca2000 	C:\Windows\System32\KERNEL32.DLL
0x00007ffda3820000 - 0x00007ffda3a93000 	C:\Windows\System32\KERNELBASE.dll
0x00007ffda46e0000 - 0x00007ffda4781000 	C:\Windows\System32\ADVAPI32.dll
0x00007ffda47c0000 - 0x00007ffda485e000 	C:\Windows\System32\msvcrt.dll
0x00007ffda3b00000 - 0x00007ffda3b5b000 	C:\Windows\System32\sechost.dll
0x00007ffda5ca0000 - 0x00007ffda5dc4000 	C:\Windows\System32\RPCRT4.dll
0x00007ffda3e20000 - 0x00007ffda3fb0000 	C:\Windows\System32\USER32.dll
0x00007ffda3800000 - 0x00007ffda3820000 	C:\Windows\System32\win32u.dll
0x00007ffda45e0000 - 0x00007ffda4608000 	C:\Windows\System32\GDI32.dll
0x00007ffda2bd0000 - 0x00007ffda2d62000 	C:\Windows\System32\gdi32full.dll
0x00007ffda3580000 - 0x00007ffda361f000 	C:\Windows\System32\msvcp_win.dll
0x00007ffda36a0000 - 0x00007ffda379a000 	C:\Windows\System32\ucrtbase.dll
0x00007ffd90900000 - 0x00007ffd90b69000 	C:\Windows\WinSxS\amd64_microsoft.windows.common-controls_6595b64144ccf1df_6.0.17134.523_none_fb409dd930672a56\COMCTL32.dll
0x00007ffda6080000 - 0x00007ffda63a2000 	C:\Windows\System32\combase.dll
0x00007ffda3620000 - 0x00007ffda369a000 	C:\Windows\System32\bcryptPrimitives.dll
0x00007ffda4790000 - 0x00007ffda47bd000 	C:\Windows\System32\IMM32.DLL
0x000000006cfd0000 - 0x000000006d0a2000 	C:\soft\bin\msvcr100.dll
0x000000006ddc0000 - 0x000000006e664000 	C:\soft\bin\server\jvm.dll
0x00007ffda3e10000 - 0x00007ffda3e18000 	C:\Windows\System32\PSAPI.DLL
0x00007ffd91470000 - 0x00007ffd91479000 	C:\Windows\SYSTEM32\WSOCK32.dll
0x00007ffda03e0000 - 0x00007ffda0403000 	C:\Windows\SYSTEM32\WINMM.dll
0x00007ffda3cb0000 - 0x00007ffda3d1c000 	C:\Windows\System32\WS2_32.dll
0x00007ffd9b790000 - 0x00007ffd9b79a000 	C:\Windows\SYSTEM32\VERSION.dll
0x00007ffda03b0000 - 0x00007ffda03da000 	C:\Windows\SYSTEM32\WINMMBASE.dll
0x00007ffda3530000 - 0x00007ffda3579000 	C:\Windows\System32\cfgmgr32.dll
0x000000006dcd0000 - 0x000000006dcdf000 	C:\soft\bin\verify.dll
0x000000006dca0000 - 0x000000006dcc9000 	C:\soft\bin\java.dll
0x000000006cf90000 - 0x000000006cfc5000 	C:\soft\bin\jdwp.dll
0x000000006cf80000 - 0x000000006cf88000 	C:\soft\bin\npt.dll
0x00007ffd78ce0000 - 0x00007ffd78d19000 	C:\java\sts3az\sts\sts-bundle\sts-3.9.5.RELEASE\plugins\org.zeroturnaround.eclipse.embedder_2018.2.4.RELEASE\jrebel\lib\jrebel64.dll
0x00007ffda4860000 - 0x00007ffda5ca0000 	C:\Windows\System32\SHELL32.dll
0x00007ffda5dd0000 - 0x00007ffda5e79000 	C:\Windows\System32\shcore.dll
0x00007ffda2d70000 - 0x00007ffda347d000 	C:\Windows\System32\windows.storage.dll
0x00007ffda3fb0000 - 0x00007ffda4001000 	C:\Windows\System32\shlwapi.dll
0x00007ffda2950000 - 0x00007ffda2961000 	C:\Windows\System32\kernel.appcore.dll
0x00007ffda2970000 - 0x00007ffda298f000 	C:\Windows\System32\profapi.dll
0x00007ffda2990000 - 0x00007ffda29dc000 	C:\Windows\System32\powrprof.dll
0x00007ffda2940000 - 0x00007ffda294a000 	C:\Windows\System32\FLTLIB.DLL
0x00007ffda1ff0000 - 0x00007ffda1ffb000 	C:\Windows\SYSTEM32\CRYPTBASE.DLL
0x000000006dc80000 - 0x000000006dc96000 	C:\soft\bin\zip.dll
0x000000006cf70000 - 0x000000006cf79000 	C:\soft\bin\dt_socket.dll
0x00007ffd95180000 - 0x00007ffd95196000 	C:\Windows\system32\napinsp.dll
0x00007ffd951a0000 - 0x00007ffd951ba000 	C:\Windows\system32\pnrpnsp.dll
0x00007ffd9e580000 - 0x00007ffd9e599000 	C:\Windows\system32\NLAapi.dll
0x00007ffda1e40000 - 0x00007ffda1ea6000 	C:\Windows\System32\mswsock.dll
0x00007ffda1c00000 - 0x00007ffda1cbe000 	C:\Windows\SYSTEM32\DNSAPI.dll
0x00007ffda63b0000 - 0x00007ffda63b8000 	C:\Windows\System32\NSI.dll
0x00007ffda1bc0000 - 0x00007ffda1bf8000 	C:\Windows\SYSTEM32\IPHLPAPI.DLL
0x00007ffd98ec0000 - 0x00007ffd98ece000 	C:\Windows\System32\winrnr.dll
0x00007ffd9b060000 - 0x00007ffd9b075000 	C:\Windows\System32\wshbth.dll
0x00007ffd9dab0000 - 0x00007ffd9db22000 	C:\Windows\System32\fwpuclnt.dll
0x00007ffda2440000 - 0x00007ffda2465000 	C:\Windows\SYSTEM32\bcrypt.dll
0x00007ffd9a140000 - 0x00007ffd9a14a000 	C:\Windows\System32\rasadhlp.dll
0x000000006dbf0000 - 0x000000006dbfd000 	C:\soft\bin\management.dll
0x000000006dc60000 - 0x000000006dc7a000 	C:\soft\bin\net.dll
0x000000006dc40000 - 0x000000006dc51000 	C:\soft\bin\nio.dll
0x000000006dc10000 - 0x000000006dc34000 	C:\soft\bin\sunec.dll
0x00007ffd8b890000 - 0x00007ffd8b8ab000 	C:\Users\a-zhangweicheng\AppData\Local\Temp\jrebel-temp\ver-6115c254\IdeaWin64.dll
0x000000006dc00000 - 0x000000006dc0b000 	C:\soft\bin\sunmscapi.dll
0x00007ffda29e0000 - 0x00007ffda2bc2000 	C:\Windows\System32\CRYPT32.dll
0x00007ffda2920000 - 0x00007ffda2932000 	C:\Windows\System32\MSASN1.dll
0x00007ffd9da50000 - 0x00007ffd9da66000 	C:\Windows\SYSTEM32\dhcpcsvc6.DLL
0x00007ffd9d8a0000 - 0x00007ffd9d8ba000 	C:\Windows\SYSTEM32\dhcpcsvc.DLL
0x00007ffda2640000 - 0x00007ffda2657000 	C:\Windows\SYSTEM32\CRYPTSP.dll
0x00007ffda19c0000 - 0x00007ffda19f3000 	C:\Windows\system32\rsaenh.dll
0x00007ffda2850000 - 0x00007ffda2878000 	C:\Windows\SYSTEM32\USERENV.dll
0x00007ffda2470000 - 0x00007ffda2639000 	C:\Windows\SYSTEM32\dbghelp.dll

VM Arguments:
jvm_args: -agentlib:jdwp=transport=dt_socket,suspend=y,address=localhost:52644 -Dcom.sun.management.jmxremote -Dcom.sun.management.jmxremote.port=52643 -Dcom.sun.management.jmxremote.authenticate=false -Dcom.sun.management.jmxremote.ssl=false -Djava.rmi.server.hostname=localhost -Dspring.liveBeansView.mbeanDomain -Dspring.application.admin.enabled=true -Drebel.base=C:\Users\a-zhangweicheng\.jrebel -Drebel.env.ide.plugin.version=2018.2.4 -Drebel.env.ide.version=3.9.5 -Drebel.env.ide.product=Spring_Tool_Suite -Drebel.env.ide=eclipse -Drebel.notification.url=http://localhost:17434 -Drebel.workspace.path=C:\java\sts3az\newworkspace4 -Drebel.properties=C:\Users\a-zhangweicheng\.jrebel\jrebel.properties -agentpath:C:\java\sts3az\sts\sts-bundle\sts-3.9.5.RELEASE\plugins\org.zeroturnaround.eclipse.embedder_2018.2.4.RELEASE\jrebel\lib\jrebel64.dll -Xverify:none -XX:TieredStopAtLevel=1 -Dfile.encoding=UTF-8 
java_command: com.kuandeng.kelk.KelkApplication --spring.output.ansi.enabled=always
java_class_path (initial): C:\soft\lib\resources.jar;C:\soft\lib\rt.jar;C:\soft\lib\jsse.jar;C:\soft\lib\jce.jar;C:\soft\lib\charsets.jar;C:\soft\lib\jfr.jar;C:\soft\lib\ext\access-bridge-64.jar;C:\soft\lib\ext\cldrdata.jar;C:\soft\lib\ext\dnsns.jar;C:\soft\lib\ext\jaccess.jar;C:\soft\lib\ext\jfxrt.jar;C:\soft\lib\ext\localedata.jar;C:\soft\lib\ext\nashorn.jar;C:\soft\lib\ext\sunec.jar;C:\soft\lib\ext\sunjce_provider.jar;C:\soft\lib\ext\sunmscapi.jar;C:\soft\lib\ext\sunpkcs11.jar;C:\soft\lib\ext\zipfs.jar;C:\java\sts3az\newworkspace4\kelk\target\classes;C:\Users\a-zhangweicheng\.m2\repository\com\google\guava\guava\23.0\guava-23.0.jar;C:\Users\a-zhangweicheng\.m2\repository\com\google\code\findbugs\jsr305\1.3.9\jsr305-1.3.9.jar;C:\Users\a-zhangweicheng\.m2\repository\com\google\errorprone\error_prone_annotations\2.0.18\error_prone_annotations-2.0.18.jar;C:\Users\a-zhangweicheng\.m2\repository\com\google\j2objc\j2objc-annotations\1.1\j2objc-annotations-1.1.jar;C:\Users\a-zhangweicheng\.m2\repository\org\codehaus\mojo\animal-sniffer-annotations\1.14\animal-sniffer-annotations-1.14.jar;C:\Users\a-zhangweicheng\.m2\repository\org\elasticsearch\elasticsearch\6.5.3\elasticsearch-6.5.3.jar;C:\Users\a-zhangweicheng\.m2\repository\org\elasticsearch\elasticsearch-core\6.5.3\elasticsearch-core-6.5.3.jar;C:\Users\a-zhangweicheng\.m2\repository\org\elasticsearch\elasticsearch-secure-sm\6.5.3\elasticsearch-secure-sm-6.5.3.jar;C:\Users\a-zhangweicheng\.m2\repository\org\elasticsearch\elasticsearch-x-content\6.5.3\elasticsearch-x-content-6.5.3.jar;C:\Users\a-zhangweicheng\.m2\repository\org\yaml\snakeyaml\1.17\snakeyaml-1.17.jar;C:\Users\a-zhangweicheng\.m2\repository\com\fasterxml\jackson\core\jackson-core\2.8.8\jackson-core-2.8.8.jar;C:\Users\a-zhangweicheng\.m2\repository\com\fasterxml\jackson\dataformat\jackson-dataformat-smile\2.8.8\jackson-dataformat-smile-2.8.8.jar;C:\Users\a-zhangweicheng\.m2\repository\com\fasterxml\jackson\dataformat\jackson-dataformat-yaml\2.8.8\jackso
Launcher Type: SUN_STANDARD

Environment Variables:
JAVA_HOME=C:\java\jdk8
PATH=C:/soft/bin/server;C:/soft/bin;C:/soft/lib/amd64;C:\Program Files (x86)\Common Files\Oracle\Java\javapath;C:\Program Files (x86)\Intel\Intel(R) Management Engine Components\iCLS\;C:\Program Files\Intel\Intel(R) Management Engine Components\iCLS\;C:\Windows\system32;C:\Windows;C:\Windows\System32\Wbem;C:\Windows\System32\WindowsPowerShell\v1.0\;C:\Windows\System32\OpenSSH\;C:\Program Files (x86)\Intel\Intel(R) Management Engine Components\DAL;C:\Program Files\Intel\Intel(R) Management Engine Components\DAL;C:\Program Files (x86)\Intel\Intel(R) Management Engine Components\IPT;C:\Program Files\Intel\Intel(R) Management Engine Components\IPT;C:\Program Files (x86)\NVIDIA Corporation\PhysX\Common;C:\java\mavenaz\apache-maven-3.6.0-bin\apache-maven-3.6.0\bin;C:\java\jdk8\bin;D:\zk\az\zookeeper-3.4.12\zookeeper-3.4.12\bin;C:\Users\a-zhangweicheng\AppData\Local\Microsoft\WindowsApps;;C:\java\sts3az\sts\sts-bundle\sts-3.9.5.RELEASE;
USERNAME=a-zhangweicheng
OS=Windows_NT
PROCESSOR_IDENTIFIER=Intel64 Family 6 Model 158 Stepping 10, GenuineIntel



---------------  S Y S T E M  ---------------

OS: Windows 10.0 , 64 bit Build 17134 (10.0.17134.1)

CPU:total 8 (initial active 8) (4 cores per cpu, 2 threads per core) family 6 model 158 stepping 10, cmov, cx8, fxsr, mmx, sse, sse2, sse3, ssse3, sse4.1, sse4.2, popcnt, avx, avx2, aes, clmul, erms, 3dnowpref, lzcnt, ht, tsc, tscinvbit, bmi1, bmi2, adx

Memory: 4k page, physical 16648500k(7983164k free), swap 19138868k(5107188k free)

vm_info: Java HotSpot(TM) 64-Bit Server VM (25.191-b12) for windows-amd64 JRE (1.8.0_191-b12), built on Oct  6 2018 09:29:03 by "java_re" with MS VC++ 10.0 (VS2010)

time: Tue Jan 29 10:44:00 2019
elapsed time: 11 seconds (0d 0h 0m 11s)

